<?xml version="1.0" encoding="utf-8"?>
<feed xmlns="http://www.w3.org/2005/Atom">
    <id>https://negibokken.github.io/feeds/chromium_issue_tracker/atom.xml</id>
    <title>Chromium issue tracker feed</title>
    <link href="https://negibokken.github.io/feeds/intent_to_ship/atom.xml" rel="self"/>
    <updated>1970-01-01T00:28:33.356Z</updated>
    <entry>
        <id>335403102</id>
        <title>Request update due to `HttpsUpgrades` feature are not paused by Fetch interception</title>
        <author>
            <name>nv...@google.com</name>
        </author>
        <link href="https://issues.chromium.org/issues/335403102"/>
        <updated>1970-01-01T00:28:33.356Z</updated>
        <summary>-</summary>
        <content type="html">Chrome introduces the `HttpsUpgrades` feature https://chromestatus.com/feature/6056181032812544.
The such update request are reported by the CDP Network domain but remain not intercepted by the Fetch domain.
This creates an issue that such request can't intercepted and also that these there is no way to differentiate them from a normal request.

Which from our understanding is happening around   https://source.chromium.org/chromium/chromium/src/+/main:net/url_request/url_request_job.cc;l=181;drc=11c6fee8868a670b11ae04cf5649f7805f6cc16a
https://source.chromium.org/chromium/chromium/src/+/main:chrome/browser/ssl/https_upgrades_interceptor.h;drc=fe132eeb21687c455d695d6af346f15454828d01

A link to the CDP logs from Puppeteer that show the behavior https://gist.github.com/Lightning00Blade/e88e7b7aa8cd332a8fc0ee5e6fda57db
Line 18 and Line 21 have the event, but only a single `Fetch.requestPaused` is emitted after.
Related Puppeteer issue 
  </content>
    </entry>
    <entry>
        <id>335384188</id>
        <title>App crash samsung s21 </title>
        <author>
            <name>f7...@gmail.com</name>
        </author>
        <link href="https://issues.chromium.org/issues/335384188"/>
        <updated>1970-01-01T00:28:33.355Z</updated>
        <summary>-</summary>
        <content type="html">Basic info:

* Build fingerprint: samsung/o1sxxx/o1s:14/UP1A.231005.007/G991BXXSAFXCM:user/release-keys
* Android API level: 34
* Crashed WebView version: 123.0.6312.40
* DevTools version: com.google.android.webview.beta (124.0.6367.28/636702833)
* Application: com.google.android.gms (240812039)
* If this app is available on Google Play, please include a URL:

Steps to reproduce:

1.
2.
3.

Expected result:
(What should have happened?)

&lt;Any additional comments, you want to share&gt;"

---

**DO NOT CHANGE BELOW THIS LINE**

* Crash ID: http://crash/78787a36e76bfe29
* Instructions for triaging this report (Chromium members only): https://bit.ly/2SM1Y9t
</content>
    </entry>
    <entry>
        <id>335337927</id>
        <title>GPU rasterize breaks page layout on some devices using chrome, manually disabling rasterize fixes it</title>
        <author>
            <name>ni...@cdiscount.com</name>
        </author>
        <link href="https://issues.chromium.org/issues/335337927"/>
        <updated>1970-01-01T00:28:33.355Z</updated>
        <summary>-</summary>
        <content type="html"># Steps to reproduce the problem
1.  Use one of this configuration : 
Samsung Galaxy A34 / Chrome V123.0.6312.40 
Oppo A 78 / Chrome V123.0.6312.40
Xiaomi Redmi Note 12 Pro / Chrome V123.0.6312.40
Realme 11X 5G Chrome V123.0.6312.40
Oppo CPH 2371 / Chrome V122.0.62.61.105
2. Go to this address : https://www.cdiscount.com/search/10/toile+tonnelle.html or https://fr.shopping.rakuten.com/search/converse
3. Scroll up/down
4 Display is broken

# Problem Description
Divs are overlapping each other, if GPU Rasterization is disabled, the webpage is displayed correctly.

# Additional Comments
Gpu rasterization has been previously subject to fixes in v119 : https://issues.chromium.org/issues/40948679 

# Summary
GPU rasterize breaks page layout on some devices using chrome, manually disabling rasterize fixes it

# Custom Questions
#### Which component does this fall under?
Not sure - I don't know

#### Does this work in other browsers? 
Yes - This is just a Chrome problem

# Additional Data
Category: API \
Chrome Channel: Stable \
Regression: N/A</content>
    </entry>
    <entry>
        <id>335337926</id>
        <title>Heap Layout Tool Stops working</title>
        <author>
            <name>cb...@chromium.org</name>
        </author>
        <link href="https://issues.chromium.org/issues/335337926"/>
        <updated>1970-01-01T00:28:33.355Z</updated>
        <summary>-</summary>
        <content type="html">https://v8.github.io/tools/head/heap-layout/index.html

Loading a v8.log file generated by `--trace-gc-heap-layout` causes errors:

```
drawChart	@	heap-layout-viewer.mjs:151
stateChanged	@	heap-layout-viewer.mjs:48
set data	@	heap-layout-viewer.mjs:32
globalDataChanged	@	index.html:34
onchange	@	index.html:64
handleLoadEnd	@	trace-file-reader.mjs:104
(anonymous)	@	trace-file-reader.mjs:94
asyncReadFile	@	web-api-helper.mjs:148
await in asyncReadFile (async)		
(anonymous)	@	web-api-helper.mjs:136
requestAnimationFrame (async)		
readFile	@	web-api-helper.mjs:136
handleChange	@	web-api-helper.mjs:86
```</content>
    </entry>
    <entry>
        <id>335337925</id>
        <title>Cancel array buffer sweeping instead of finalizing (when possible)</title>
        <author>
            <name>om...@chromium.org</name>
        </author>
        <link href="https://issues.chromium.org/issues/335337925"/>
        <updated>1970-01-01T00:28:33.355Z</updated>
        <summary>-</summary>
        <content type="html">The array buffer sweeper is using a cancelable task for background sweeping.
This task cannot be interrupted and can only be cancelled if it hasn't already started.

In some cases, we could cancel array buffer sweeping instead of finishing it prior to starting a new GC (specifically, when we know all array buffer are promoted).

Before we can cancel sweeping, we need to be able interrupt a running array buffer sweeping task.
To do end, we will refactor the array buffer sweeper to use the jobs api and yield when needed.
</content>
    </entry>
    <entry>
        <id>335309993</id>
        <title>Paths passed from win-platform to adb  / remote ssh have wrong slashes</title>
        <author>
            <name>cb...@chromium.org</name>
        </author>
        <link href="https://issues.chromium.org/issues/335309993"/>
        <updated>1970-01-01T00:28:33.354Z</updated>
        <summary>-</summary>
        <content type="html">```
crossbench.plt.base.SubprocessError: win.x64.local: Command ''C:\adb\adb.exe' -s XXXXXX shell mktemp -d '\data\local\tmp\cb_run_results.XXXXXXXXXXX'' returned non-zero exit status 1.

stderr:mktemp: Failed to create directory datalocaltmpcb_run_results.hfcZhl2xBJG: Read-only file system
```</content>
    </entry>
    <entry>
        <id>335353385</id>
        <title>Apple Silicon: 2D canvas hardware acceleration bug with source-in globalCompositeOperation</title>
        <author>
            <name>kl...@orgpad.info</name>
        </author>
        <link href="https://issues.chromium.org/issues/335353385"/>
        <updated>1970-01-01T00:28:33.354Z</updated>
        <summary>-</summary>
        <content type="html"># Steps to reproduce the problem
1. Open https://orgpad-test.uk/o/A5bOeYhJBBnLZ6sfEC4-dH.
2. After loading, switch to another tab and switch back.

Happens on both Apple Macbook Pro M1 and Apple Macbook Air M2, Mac OS 14.1.2.

Screenshots are correct rendering and broken one are displayed in the page.
Turning off hardware acceleration of 2D canvas rendering fixes the problem.

# Problem Description
The rendering is done into a memory canvas, from which is it drawn onto the screen canvas. When zooming enough, it switches to rendering directly into the screen canvas which works fine. The rendering code is the following:

(doto ctx
        ;; clears the space for the title text
        (draw/clear-rect! cleared-corner cleared-size)
        ;; clips the cleared space to avoid changes outside
        (draw/save!)
        (draw/begin-path!)
        (draw/rect! cleared-corner cleared-size)
        (draw/clip!)
        ;; renders the black uncolored letters from the letter atlas
        (render-atlas-letters! title-letters letters canvas canvas-zoom nil top-center-pixel zoom)
        ;; draws title-color on top of black letters
        (draw/set-composite-operation! "source-in")
        (draw/begin-path!)
        (draw/set-fill-style! title-color)
        (draw/rect! cleared-corner cleared-size)
        (draw/fill!)
        ;; draws search matches and bg-color below the colored letters
        (draw/set-composite-operation! "destination-over")
        (render-search-matches! search-matches color top-left-pixel zoom)
        (draw/begin-path!)
        (draw/set-fill-style! bg-color)
        (draw/rect! cleared-corner cleared-size)
        (draw/fill!)
        ;; draws the colored letters from the letter atlas (e.g. emojis)
        (draw/set-composite-operation! "source-over")
        (render-atlas-letters! title-letters letters canvas canvas-zoom true top-center-pixel zoom)
        ;; unclips the cleared space
        (draw/restore!))

This is a trivial Clojurescript wrapper for CanvasRenderingContext2D methods. It copies letters from another canvas, then draws title-color over them and then adds background color behind them.

The problem started occuring only couple version of Chrome back.

# Summary
Apple Silicon: 2D canvas hardware acceleration bug with source-in globalCompositeOperation

# Additional Data
Category: JavaScript \
Chrome Channel: Stable \
Regression: Yes</content>
    </entry>
    <entry>
        <id>335397047</id>
        <title>Tests are failing: java.lang.AssertionError: org.chromium.base.test.util.CriteriaNotSatisfiedException: org.chromium.base.test.util.CriteriaNotSatisfiedException: Act...</title>
        <author>
            <name>bi...@google.com</name>
        </author>
        <link href="https://issues.chromium.org/issues/335397047"/>
        <updated>1970-01-01T00:28:33.353Z</updated>
        <summary>-</summary>
        <content type="html">This bug is for all test failures where the primary error message is similiar to the following (ignoring numbers and hexadecimal values):
java.lang.AssertionError: org.chromium.base.test.util.CriteriaNotSatisfiedException: org.chromium.base.test.util.CriteriaNotSatisfiedException: Activity org.chromium.chrome.browser.settings.SettingsActivity did not reach stage: RESUMED. Is the device screen turned on?\nExpected: is &lt;true&gt;\n     but: was &lt;false&gt;

The following test(s) were observed to have matching failures at this time (at most five examples listed):
- ninja://chrome/android:chrome_public_test_apk/org.chromium.chrome.browser.sync.PersonalizeGoogleServicesSettingsTest#testUserNotSignedIn


These test failures are causing problem(s) which require your attention, including:
- test variant(s) are being exonerated (ignored) in presubmit

See current problems, failure examples and more in LUCI Analysis at: https://luci-analysis.appspot.com/p/chromium/rules/cdb6fa82e0a42f64aeb6abd7bb9a4f83

How to action this bug: https://luci-analysis.appspot.com/help#new-bug-filed
Provide feedback: https://luci-analysis.appspot.com/help#feedback
Was this bug filed in the wrong component? See: https://luci-analysis.appspot.com/help#component-selection</content>
    </entry>
    <entry>
        <id>335394627</id>
        <title>HSL color picker defaults to "Hue: 0" when saturation is set to 0</title>
        <author>
            <name>pe...@google.com</name>
        </author>
        <link href="https://issues.chromium.org/issues/335394627"/>
        <updated>1970-01-01T00:28:33.351Z</updated>
        <summary>-</summary>
        <content type="html">Chrome Version       : 124.0.6367.61 (Official Build) (arm64) 
OS                   : 14.4.1 (23E224)

What steps will reproduce the problem?
1. Open DevTools and inspect any element with a color assigned to it (you can use this demo site: https://peters-css-playground.glitch.me/experiments/color-tester.html)
2. In the Elements &gt; Styles tab, click on the color swatch and select "HSL" as the color mode
3. Set the saturation to zero

What is the expected result?
The value for "hue" is kept the same

What happens instead?
1. The preview switches to a red color palette (hue 0), see video 1
2. When dragging the hue slider, the value is always kept at 0, see video 2</content>
    </entry>
    <entry>
        <id>335309992</id>
        <title>Since March the last three chromeos updates were each approx. 1,7GB in size.</title>
        <author>
            <name>to...@gmail.com</name>
        </author>
        <link href="https://issues.chromium.org/issues/335309992"/>
        <updated>1970-01-01T00:28:33.351Z</updated>
        <summary>-</summary>
        <content type="html"># Steps to reproduce the problem
1. I just get the system pop-up that an update is available. When I click on it the system tells me that I'm on a metered connection and whether I want to go ahead and tells the update size. 
2. 
3. 

# Problem Description
Since March the last three chromeos updates I received were each approx. 1,7GB in size. This amounts to 3,4GB a month. For anyone on a metered connection (like me) this uses a lot of the data plan. Is this a bug or a permanent change? Before, I received smaller ones of around 50-70MB and from time to time a bigger one with definitely less than 1GB.

# Summary
Since March the last three chromeos updates were each approx. 1,7GB in size.

# Custom Questions
#### Please select a label to classify your issue:
Not sure - I don't know

# Additional Data
Category: Other \
Chrome Channel: Stable \
Regression: N/A</content>
    </entry>
    <entry>
        <id>335394610</id>
        <title>Tests are failing: ninja://chrome/test:browser_tests/LensOverlayControllerBrowserTest.ShowSidePanelAfterTextSelectionRequest</title>
        <author>
            <name>bi...@google.com</name>
        </author>
        <link href="https://issues.chromium.org/issues/335394610"/>
        <updated>1970-01-01T00:28:33.351Z</updated>
        <summary>-</summary>
        <content type="html">This bug is for all test failures with the test name: ninja://chrome/test:browser_tests/LensOverlayControllerBrowserTest.ShowSidePanelAfterTextSelectionRequest

These test failures are causing problem(s) which require your attention, including:
- many gardened builders are failing

See current problems, failure examples and more in LUCI Analysis at: https://luci-analysis.appspot.com/p/chromium/rules/c7c3890e7083ed65b60f626edebeb1ba

How to action this bug: https://luci-analysis.appspot.com/help#new-bug-filed
Provide feedback: https://luci-analysis.appspot.com/help#feedback
Was this bug filed in the wrong component? See: https://luci-analysis.appspot.com/help#component-selection</content>
    </entry>
    <entry>
        <id>335328454</id>
        <title>Regression: Bookmarks and edit buttons overlap in right topmost corner on chrome mac and linux in exit full screen mode</title>
        <author>
            <name>bu...@chromium.org</name>
        </author>
        <link href="https://issues.chromium.org/issues/335328454"/>
        <updated>1970-01-01T00:28:33.351Z</updated>
        <summary>-</summary>
        <content type="html">Chrome Version : 125.0.6423.0 (Official Build) canary (x86_64)
f2983f361cae3033fc725d286049a0dd39f07a0e-refs/branch-heads/6423@{#1}



OS : Mac Arm (14.3 beta, 13.5 Beta, 11.4,13.4), Mac Intel(10.15.7), Linux

**
Prerequisites (flags on/off) - None

Steps to reproduce :
1. Launch chrome and sign in
2. Open Bookmark and pin
3. Exit full screen and open NTP
4. Click on customize screen button
5. Observe Bookmark and edit button overlap in right topmost corner

Observed results: Bookmark and edit button overlapped

Expected Result : Bookmark and edit button should not overlapped

Actual Result : 
https://drive.google.com/file/d/1Wtj5pFjvt7vf_bJr0ZQuEp5TDXKQckF1/view?usp=sharing

Expected Result:
https://drive.google.com/file/d/1PbmztvAQSHIyYDQpqDBWWKePN3q_JyGu/view?usp=sharing

Good Build: 125.0.6421.0
Bad Build: 125.0.6422.0

You are probably looking for a change made after 1287555 (known good), but no later than 1287556 (first known bad).
CHANGELOG URL:
The script might not always return single CL as suspect as some perf builds might get missing due to failure.
  https://chromium.googlesource.com/chromium/src/+log/b0aa162109191a601d7a0a886b0722af7e74619c..f72986bd388a9411308720299bc59762f48a6330

Suspect:
https://chromium.googlesource.com/chromium/src/+log/b0aa162109191a601d7a0a886b0722af7e74619c..f72986bd388a9411308720299bc59762f48a6330


@Caroline: Could you please check whether this is caused with respect to your change, if not please help us in assigning it to the right owner.




Note:
1. Issue able to repro on latest Canary #125.0.6423.0 , Beta #125.0.6422.4, 
2. Issue unable to repro on latest Dev #125.0.6420.4 and Stable #124.0.6367.62                            
3. Issue not repro on Win(10,11)

Thank You..!!
</content>
    </entry>
    <entry>
        <id>335317436</id>
        <title>[V8 Perf Sheriff]: 1 regressions in v8.browsing_desktop</title>
        <author>
            <name>ch...@appspot.gserviceaccount.com</name>
        </author>
        <link href="https://issues.chromium.org/issues/335317436"/>
        <updated>1970-01-01T00:28:33.351Z</updated>
        <summary>-</summary>
        <content type="html">All graphs for this regression group at 1288376:1288431:

  Internal (Googlers-only) Reports:
    - Chromium: https://chrome-perf.corp.goog/_/alertgroup?group_id=76520278-011d-4260-b8f3-ded07ad1a7fc

  (Legacy) Chromeperf Report: https://chromeperf.appspot.com/group_report?group_id=76520278-011d-4260-b8f3-ded07ad1a7fc

Top 1 regressions (out of 1, with 0 improvements) in this group:
  - ChromiumPerf/mac-m1_mini_2020-perf/v8.browsing_desktop/total:500ms_window:renderer_eqt:v8:execute_max/browse_tools/browse_tools_photoshop_warm_2021
       17.01%: 5.2995 -&gt; 6.201 

Top 1 affected measurements in mac-m1_mini_2020-perf:
  - v8.browsing_desktop/total:500ms_window:renderer_eqt:v8:execute_max/browse_tools/browse_tools_photoshop_warm_2021
       17.01%: 5.2995 -&gt; 6.201 

Regressions grouped by v8.browsing_desktop includes data from the following benchmarks with listed owners:
  v8.browsing_desktop: 
      None

Commits in this range:</content>
    </entry>
    <entry>
        <id>335341867</id>
        <title>[V8 Perf Sheriff]: 1 regressions in v8.browsing_desktop</title>
        <author>
            <name>ch...@appspot.gserviceaccount.com</name>
        </author>
        <link href="https://issues.chromium.org/issues/335341867"/>
        <updated>1970-01-01T00:28:33.350Z</updated>
        <summary>-</summary>
        <content type="html">All graphs for this regression group at 1288421:1288456:

  Internal (Googlers-only) Reports:
    - Chromium: https://chrome-perf.corp.goog/_/alertgroup?group_id=296ea29a-4a3a-4888-9b96-bc5b28aa7b45

  (Legacy) Chromeperf Report: https://chromeperf.appspot.com/group_report?group_id=296ea29a-4a3a-4888-9b96-bc5b28aa7b45

Top 1 regressions (out of 1, with 0 improvements) in this group:
  - ChromiumPerf/mac-m1_mini_2020-perf/v8.browsing_desktop/total:500ms_window:renderer_eqt:v8:execute_max/browse_tools/browse_tools_photoshop_warm_2021
       17.01%: 5.2995 -&gt; 6.201 

Top 1 affected measurements in mac-m1_mini_2020-perf:
  - v8.browsing_desktop/total:500ms_window:renderer_eqt:v8:execute_max/browse_tools/browse_tools_photoshop_warm_2021
       17.01%: 5.2995 -&gt; 6.201 

Regressions grouped by v8.browsing_desktop includes data from the following benchmarks with listed owners:
  v8.browsing_desktop: 
      None

Commits in this range:</content>
    </entry>
    <entry>
        <id>335391878</id>
        <title>Browser_tests failure seen on win64-dcheck-tests, win-dcheck-tests, win-arm64-dcheck-tests for the build #125.0.6422.1 &amp; win64-clang-tests, win-clang-tests, win-arm64-clang-tests for the build #126.0.6423.0 on the Official Desktop builder and Win, Win64 trunk &amp; Win64 M-124, M-125 of the Continuous builder</title>
        <author>
            <name>si...@google.com</name>
        </author>
        <link href="https://issues.chromium.org/issues/335391878"/>
        <updated>1970-01-01T00:28:33.349Z</updated>
        <summary>-</summary>
        <content type="html">Browser_tests failure seen on win64-dcheck-tests, win-dcheck-tests, win-arm64-dcheck-tests for the build #125.0.6422.1 &amp; win64-clang-tests, win-clang-tests, win-arm64-clang-tests for the build #126.0.6423.0 on the Official Desktop builder and Win, Win64 trunk &amp; Win64 M-124, M-125 of the Continuous builder.

browser_tests failed because of:
TestStructuredMetricsService.DisabledWhenRevoked
TestStructuredMetricsService.EnabledWithConsent
TestStructuredMetricsService.StagedLogPurgeOnConsentRevoke


Link to builder:
https://ci.chromium.org/ui/p/chrome/builders/ci/win64-dcheck-tests/1198/overview
https://ci.chromium.org/ui/p/chrome/builders/ci/win64-clang-tests/3431/overview
https://ci.chromium.org/ui/p/chrome/builders/ci/win-dcheck-tests/1225/overview
https://ci.chromium.org/ui/p/chrome/builders/ci/win-clang-tests/3423/overview
https://ci.chromium.org/ui/p/chrome/builders/ci/win-arm64-dcheck-tests/51/overview
https://ci.chromium.org/ui/p/chrome/builders/ci/win-arm64-clang-tests/332/overview



Link to Error log:
https://logs.chromium.org/logs/chrome/buildbucket/cr-buildbucket/8750501874733782065/+/u/browser_tests_on_Windows-10-19045/stdout
https://logs.chromium.org/logs/chrome/buildbucket/cr-buildbucket/8750433070573333569/+/u/browser_tests_on_Windows-10-19045/stdout
https://logs.chromium.org/logs/chrome/buildbucket/cr-buildbucket/8750506441392189841/+/u/browser_tests_on_Windows-10-19045/stdout
https://logs.chromium.org/logs/chrome/buildbucket/cr-buildbucket/8750428569842658433/+/u/browser_tests_on_Windows-10-19045/stdout
https://logs.chromium.org/logs/chrome/buildbucket/cr-buildbucket/8750505485886352129/+/u/browser_tests_on_Windows-11/stdout
https://logs.chromium.org/logs/chrome/buildbucket/cr-buildbucket/8750425119228566481/+/u/browser_tests_on_Windows-11/stdout

Continuous builders:
https://ci.chromium.org/ui/p/chrome/builders/luci.chrome.ci/win
https://ci.chromium.org/ui/p/chrome/builders/luci.chrome.ci/win64
https://ci.chromium.org/ui/p/chrome-m125/builders/luci.chrome-m125.ci/win64
https://ci.chromium.org/ui/p/chrome-m124/builders/luci.chrome-m124.ci/win64


Requesting someone from the dev team to take a look .
Thanks‚Ä¶.!
</content>
    </entry>
    <entry>
        <id>335383222</id>
        <title>[css-contain-3][css-color-5] Style queries do not work when testing a value from light-dark function</title>
        <author>
            <name>ki...@gmail.com</name>
        </author>
        <link href="https://issues.chromium.org/issues/335383222"/>
        <updated>1970-01-01T00:28:33.349Z</updated>
        <summary>-</summary>
        <content type="html"># Steps to reproduce the problem
1. Open a test case (https://codepen.io/kizu/pen/zYXLppE, or an attached .html)
2. Look at the elements with the dark background and green text.

or

1. In CSS, register some custom property with the `&lt;color&gt;` syntax.
2. On some element, assign a value to this custom property via `light-dark()` function.
3. Apply a container style query for this property and attempt to apply styles to this element's children based on it.

# Problem Description
In Chrome (stable, and Canary), the container style query does not match for the registered custom property that uses `light-dark()`.
In Safari Technology Preview (the only other browser that currently supports container style queries) this works as expected.

# Additional Comments
This does not work in Firefox, as it does not yet support container style queries, but works in Safari TP.

Note that in Safari TP, it is required to have the custom property be registered in order for it to work. This feature could be very useful for testing the currently applied color with container style queries, as it will, essentially, allow using `light-dark()` and them to detect the color scheme on an element scope.

# Summary
[css-contain-3][css-color-5] Style queries do not work when testing a value from light-dark function

# Custom Questions
#### Which component does this fall under?
Blink&gt;CSS

#### Does this work in other browsers? 
Yes - This is just a Chrome problem

# Additional Data
Category: API \
Chrome Channel: Canary \
Regression: No</content>
    </entry>
    <entry>
        <id>335387869</id>
        <title>Quick Delete for iOS</title>
        <author>
            <name>fs...@google.com</name>
        </author>
        <link href="https://issues.chromium.org/issues/335387869"/>
        <updated>1970-01-01T00:28:33.348Z</updated>
        <summary>-</summary>
        <content type="html">Bug to track implementation work for iOS quick delete.

DD: go/bling-quick-delete-dd
Mocks: go/bling-qd-ux</content>
    </entry>
    <entry>
        <id>335328452</id>
        <title>Abnormal width when using "flex-wrap: wrap", "width: max-content" and "column-gap" at the same time</title>
        <author>
            <name>zc...@outlook.com</name>
        </author>
        <link href="https://issues.chromium.org/issues/335328452"/>
        <updated>1970-01-01T00:28:33.348Z</updated>
        <summary>-</summary>
        <content type="html"># Steps to reproduce the problem
The width of the flex-wrap element should be 170px, not 150px.
Example link: https://codepen.io/vcxldk/pen/NWmLZQO
code:
```html
&lt;html&gt;
  &lt;body&gt;
     &lt;div class="container"&gt;
  &lt;div class="flex-wrap"&gt;
    &lt;div class="box"&gt;1 50*50&lt;/div&gt;
    &lt;div class="box"&gt;2 50*50&lt;/div&gt;
    &lt;div class="box"&gt;3 50*50&lt;/div&gt;
    &lt;div class="box"&gt;4 50*50&lt;/div&gt;
    &lt;div class="box"&gt;5 50*50&lt;/div&gt;
    &lt;div class="box"&gt;6 50*50&lt;/div&gt;
  &lt;/div&gt;
&lt;/div&gt;
&lt;style&gt;
.container {
  width: 100px;
  height: 100px;
  position: relative;
}

.flex-wrap {
  position: absolute;

  width: max-content;
  height: 100%;

  box-sizing: content-box;
  background-color: gray;

  display: flex;
  flex-wrap: wrap;
  flex-direction: column;
  column-gap: 10px;
}

.box {
  box-sizing: border-box;
  width: 50px;
  height: 50px;
  border: solid 1px black;
  color: white;
}
&lt;/style&gt;
&lt;/body&gt;
&lt;html&gt;
```

# Problem Description
When using the following CSS attribute at the same time, the width of the elastic container cannot be stretched properly by the quilt element and the column gap:
- width: max-content;
- display: flex;
- flex-direction: column;
- column-gap: 10px;
- flex-wrap: wrap;

# Summary
Abnormal width when using "flex-wrap: wrap", "width: max-content" and "column-gap" at the same time

# Additional Data
Category: Content \
Chrome Channel: Stable \
Regression: N/A</content>
    </entry>
    <entry>
        <id>335373505</id>
        <title>Pointer event property 'isPrimary' is lost after some writing with pen</title>
        <author>
            <name>tz...@gmail.com</name>
        </author>
        <link href="https://issues.chromium.org/issues/335373505"/>
        <updated>1970-01-01T00:28:33.348Z</updated>
        <summary>-</summary>
        <content type="html"># Steps to reproduce the problem
Visit this sample: https://willtech.wacom.com/web-issues/chrome/isPrimary.html

Example used the following text as input:

"Amouage is a High Perfumery House renowned for creating some of the most finely crafted perfumes in the world. Founded in the Sultanate of Oman in 1983 by the Albusaidi family to be ‚ÄòThe Gift of Kings‚Äô, the House has redefined the Arabian art of perfumery and garnered a global reputation for bringing innovative modernity and true artistry to all its creations. The chairman of the board is Sayyid Khalid, who succeeded the founding chairman his brother Sayyid Badr in 2003."

It could be needed more text to be written to experience the problem.

# Problem Description
Problem is observed under Windows. Write with pen device, for example used Lenovo ThinkPad X13 Yoga Gen.1 on Windows 11. Write some text, sometime more, sometimes less, pointer event begins to report isPrimary property as false. 

# Summary
Pointer event property 'isPrimary' is lost after some writing with pen

# Custom Questions
#### Which component does this fall under?
Not sure - I don't know

#### Does this work in other browsers? 
Not sure - I don't know

# Additional Data
Category: API \
Chrome Channel: Not sure \
Regression: N/A</content>
    </entry>
    <entry>
        <id>335337924</id>
        <title>The chrome zoom and css zoom features work slightly differently when they should work the same.</title>
        <author>
            <name>jo...@gmail.com</name>
        </author>
        <link href="https://issues.chromium.org/issues/335337924"/>
        <updated>1970-01-01T00:28:33.347Z</updated>
        <summary>-</summary>
        <content type="html"># Steps to reproduce the problem
1. Create a simple web page with css zoom to 80%, inspect window.innerHeight and window.innerWidth
2. Create a simple web with no css zoom, apply zoom in the browser to 80%, inspect window.innerHeight and window.innerWidth
3. The web with browser zoom has a viewport 25% bigger with is correct to make center and other calculations, the web with css zoom has the original viewport size unchanged, this breaks calculations in some third party themes we use.

# Problem Description
I think I have found a problem with css zoom in chrome, if you apply the zoom from the browser, 80% for example, the window.innerHeigh and window.innerWidth grows by 25% which makes absolute position calculations (width and height based) works correctly.

If you apply the 80% zoom with css, html {zoom: 80%}, almost everything works perfectly and the appearance is the same as applying the zoom from the browser, but window.innerHeigh and window.innerWidth do not adjust to the new size so any calculations with these values are not done correctly.

Can this behavior be fixed somehow? I need the zoom by css to work the same as the one provided by chrome so that everything works the same.

# Additional Comments
The problem is that we need a web application to be viewed at 80% zoom by default (without user intervention), but the third-party theme we use does not calculate certain positions well because it does not have the correct size when zoomed by css.

# Summary
The chrome zoom and css zoom features work slightly differently when they should work the same.

# Custom Questions
#### Does the problem occur on multiple sites?
Yes - Please describe below

#### Is it a problem with a plugin?
No - It's the browser itself

#### Does this work in other browsers? 
Not sure - I don't know

# Additional Data
Category: Content \
Chrome Channel: Stable \
Regression: N/A</content>
    </entry>
    <entry>
        <id>335337296</id>
        <title>Memory graphs are not shown when profiling is done after enabling the memory checkbox in DevTools</title>
        <author>
            <name>ys...@chromium.org</name>
        </author>
        <link href="https://issues.chromium.org/issues/335337296"/>
        <updated>1970-01-01T00:28:33.347Z</updated>
        <summary>-</summary>
        <content type="html">Chrome Version: 126.0.6423.0 (Official Build) canary (arm64)
f2983f361cae3033fc725d286049a0dd39f07a0e-refs/branch-heads/6423@{#1}

OS : Mac,Win(10,11),Linux

Preconditions:
None

Steps to reproduce:
1. Launch Chrome and open any website (ex: wikipedia.org)
2. Open DevTools and click on Performance tab
3. Click on the Memory checkbox
4. Click on reload button
5. Observe that the memory graphs are not shown (can be seen again after clicking on memory checkbox twice)

Actual Result: Memory graphs are not shown when profiling is done after enabling the memory checkbox

Expected Result: Memory graphs must be shown

This issue exists from M-114 onwards .So, raising it as a NR issue.

Please refer to the screencast attached

Notes:
1)This issue able to repro on Beta #125.0.6422.4, Dev #125.0.6420.4 and Stable #124.0.6367.61
2)As this is a Non-Regression issue, changing the status to Untriaged so that the issue would get addressed.

Thanks..!!
</content>
    </entry>
    <entry>
        <id>335317434</id>
        <title>[V8 Memory Perf Sheriff]: 1 regressions in v8.browsing_mobile</title>
        <author>
            <name>ch...@appspot.gserviceaccount.com</name>
        </author>
        <link href="https://issues.chromium.org/issues/335317434"/>
        <updated>1970-01-01T00:28:33.347Z</updated>
        <summary>-</summary>
        <content type="html">All graphs for this regression group at 1288155:1288195:

  Internal (Googlers-only) Reports:
    - Chromium: https://chrome-perf.corp.goog/_/alertgroup?group_id=8fbe91fa-f4c0-413f-88bd-52c0be87752d

  (Legacy) Chromeperf Report: https://chromeperf.appspot.com/group_report?group_id=8fbe91fa-f4c0-413f-88bd-52c0be87752d

Top 1 regressions (out of 1, with 0 improvements) in this group:
  - ChromiumPerf/android-pixel6-pro-perf/v8.browsing_mobile/total:500ms_window:renderer_eqt_max/browse_news/browse_news_washingtonpost_2019
       14.89%: 14.865 -&gt; 17.079 

Top 1 affected measurements in android-pixel6-pro-perf:
  - v8.browsing_mobile/total:500ms_window:renderer_eqt_max/browse_news/browse_news_washingtonpost_2019
       14.89%: 14.865 -&gt; 17.079 

Regressions grouped by v8.browsing_mobile includes data from the following benchmarks with listed owners:
  v8.browsing_mobile: 
      None

Commits in this range:</content>
    </entry>
    <entry>
        <id>335387790</id>
        <title>Browser_tests failure seen on win64-dcheck-tests for the build #125.0.6422.1 &amp; win64-clang-tests for the build #126.0.6423.0 on the Official Desktop builder.</title>
        <author>
            <name>si...@google.com</name>
        </author>
        <link href="https://issues.chromium.org/issues/335387790"/>
        <updated>1970-01-01T00:28:33.347Z</updated>
        <summary>-</summary>
        <content type="html">Browser_tests failure seen on win64-dcheck-tests for the build #125.0.6422.1 &amp; win64-clang-tests for the build #126.0.6423.0 on the Official Desktop builder.

browser_tests failed because of:
SafeBrowsingHatsSurveyBrowserTestWithThreatTypeAndIsolationSetting/SafeBrowsingHatsSurveyBrowserTest.ReportNotSentToSbButAttachedForHats/0

Link to builder:
https://ci.chromium.org/ui/p/chrome/builders/ci/win64-dcheck-tests/1198/overview
https://ci.chromium.org/ui/p/chrome/builders/ci/win64-clang-tests/3431/overview


Link to Error log:
https://logs.chromium.org/logs/chrome/buildbucket/cr-buildbucket/8750501874733782065/+/u/browser_tests_on_Windows-10-19045/stdout
https://logs.chromium.org/logs/chrome/buildbucket/cr-buildbucket/8750433070573333569/+/u/browser_tests_on_Windows-10-19045/stdout


Requesting someone from the dev team to take a look .
Thanks‚Ä¶.!
</content>
    </entry>
    <entry>
        <id>335325253</id>
        <title>[V8 Memory Perf Sheriff]: 1 regressions in v8.browsing_mobile</title>
        <author>
            <name>ch...@appspot.gserviceaccount.com</name>
        </author>
        <link href="https://issues.chromium.org/issues/335325253"/>
        <updated>1970-01-01T00:28:33.347Z</updated>
        <summary>-</summary>
        <content type="html">All graphs for this regression group at 1287752:1287793:

  Internal (Googlers-only) Reports:
    - Chromium: https://chrome-perf.corp.goog/_/alertgroup?group_id=4555b9d5-c50d-4a5a-827e-154e9a3aeaa9

  (Legacy) Chromeperf Report: https://chromeperf.appspot.com/group_report?group_id=4555b9d5-c50d-4a5a-827e-154e9a3aeaa9

Top 1 regressions (out of 1, with 0 improvements) in this group:
  - ChromiumPerf/android-pixel2-perf/v8.browsing_mobile/v8:gc:cycle:young_avg/browse_social/browse_social_tumblr_infinite_scroll_2018
       44.34%: 5.474 -&gt; 7.901 

Top 1 affected measurements in android-pixel2-perf:
  - v8.browsing_mobile/v8:gc:cycle:young_avg/browse_social/browse_social_tumblr_infinite_scroll_2018
       44.34%: 5.474 -&gt; 7.901 

Regressions grouped by v8.browsing_mobile includes data from the following benchmarks with listed owners:
  v8.browsing_mobile: 
      None

Commits in this range:</content>
    </entry>
    <entry>
        <id>335322607</id>
        <title>[V8 Memory Perf Sheriff]: 1 regressions in v8.browsing_mobile</title>
        <author>
            <name>ch...@appspot.gserviceaccount.com</name>
        </author>
        <link href="https://issues.chromium.org/issues/335322607"/>
        <updated>1970-01-01T00:28:33.346Z</updated>
        <summary>-</summary>
        <content type="html">All graphs for this regression group at 1287788:1287822:

  Internal (Googlers-only) Reports:
    - Chromium: https://chrome-perf.corp.goog/_/alertgroup?group_id=36b401ac-800a-439d-a0e8-e067d1227acb

  (Legacy) Chromeperf Report: https://chromeperf.appspot.com/group_report?group_id=36b401ac-800a-439d-a0e8-e067d1227acb

Top 1 regressions (out of 1, with 0 improvements) in this group:
  - ChromiumPerf/android-pixel6-perf/v8.browsing_mobile/v8:gc:cycle:main_thread:young_sum/browse_news/browse_news_reddit_2019
       12.19%: 55.148 -&gt; 61.869 

Top 1 affected measurements in android-pixel6-perf:
  - v8.browsing_mobile/v8:gc:cycle:main_thread:young_sum/browse_news/browse_news_reddit_2019
       12.19%: 55.148 -&gt; 61.869 

Regressions grouped by v8.browsing_mobile includes data from the following benchmarks with listed owners:
  v8.browsing_mobile: 
      None

Commits in this range:</content>
    </entry>
    <entry>
        <id>335386327</id>
        <title>Unit_tests failure seen on win64-dcheck-tests, win-dcheck-tests, win-arm64-dcheck-tests for the build #125.0.6422.1&amp; win-arm64-clang-tests for the build #125.0.6422.5 &amp;win64-clang-tests for the build #126.0.6423.0 &amp; mac64-dcheck-tests for the build #126.0.6423.1 on the official desktop builder and  win64, Linux64 trunk &amp; Win64, Linux64 M-125 of the Continuous builder</title>
        <author>
            <name>si...@google.com</name>
        </author>
        <link href="https://issues.chromium.org/issues/335386327"/>
        <updated>1970-01-01T00:28:33.346Z</updated>
        <summary>-</summary>
        <content type="html">Unit_tests failure seen on win64-dcheck-tests, win-dcheck-tests, win-arm64-dcheck-tests for the build #125.0.6422.1&amp; win-arm64-clang-tests for the build #125.0.6422.5 &amp;win64-clang-tests for the build #126.0.6423.0 &amp; mac64-dcheck-tests for the build #126.0.6423.1 on the official desktop builder and  win64, Linux64 trunk &amp; Win64, Linux64 M-125 of the Continuous builder.

unit_tests failed because of:
SidePanelToolbarContainerTest.ClickingPinnedEntryOpensSidePanel
SidePanelToolbarContainerTest.CompanionButtonRemovedOnDSPChange

Link to builder:
https://ci.chromium.org/ui/p/chrome/builders/ci/win64-dcheck-tests/1198/overview
https://ci.chromium.org/ui/p/chrome/builders/ci/win64-clang-tests/3431/overview
https://ci.chromium.org/ui/p/chrome/builders/ci/win-dcheck-tests/1225/overview
https://ci.chromium.org/ui/p/chrome/builders/ci/win-arm64-dcheck-tests/51/overview
https://ci.chromium.org/ui/p/chrome/builders/ci/win-arm64-clang-tests/331/overview
https://ci.chromium.org/ui/p/chrome/builders/ci/mac64-dcheck-tests/1169/overview


Link to Error log:
https://logs.chromium.org/logs/chrome/buildbucket/cr-buildbucket/8750501874733782065/+/u/unit_tests_on_Windows-10-19045/stdout
https://logs.chromium.org/logs/chrome/buildbucket/cr-buildbucket/8750433070573333569/+/u/unit_tests_on_Windows-10-19045/stdout
https://logs.chromium.org/logs/chrome/buildbucket/cr-buildbucket/8750506441392189841/+/u/unit_tests_on_Windows-10-19045/stdout
https://logs.chromium.org/logs/chrome/buildbucket/cr-buildbucket/8750505485886352129/+/u/unit_tests_on_Windows-11/stdout
https://logs.chromium.org/logs/chrome/buildbucket/cr-buildbucket/8750441187739378081/+/u/unit_tests_on_Windows-11/stdout
https://logs.chromium.org/logs/chrome/buildbucket/cr-buildbucket/8750426439955520129/+/u/unit_tests_on_Mac-13/stdout


Continuous builders:
https://ci.chromium.org/ui/p/chrome/builders/luci.chrome.ci/linux64
https://ci.chromium.org/ui/p/chrome/builders/luci.chrome.ci/win64
https://ci.chromium.org/ui/p/chrome-m125/builders/luci.chrome-m125.ci/linux64
https://ci.chromium.org/ui/p/chrome-m125/builders/luci.chrome-m125.ci/win64


Requesting someone from the dev team to take a look .
Thanks‚Ä¶.!
</content>
    </entry>
    <entry>
        <id>335384367</id>
        <title>Browser_tests failure seen win-dcheck-tests, Win64-dcheck-tests, win-arm64-dcheck-tests for the build #125.0.6422.1&amp; win-arm64-clang-tests for the build #125.0.6422.5 &amp; win-clang-tests, win64-clang-tests, Linux64-tests for the build #126.0.6423.0 of the official desktop builder and win, win64, Linux64 trunk &amp; Win64, Linux64 M-125 of the Continuous builder</title>
        <author>
            <name>si...@google.com</name>
        </author>
        <link href="https://issues.chromium.org/issues/335384367"/>
        <updated>1970-01-01T00:28:33.344Z</updated>
        <summary>-</summary>
        <content type="html">Browser_tests failure seen win-dcheck-tests, Win64-dcheck-tests, win-arm64-dcheck-tests for the build #125.0.6422.1&amp; win-arm64-clang-tests for the build #125.0.6422.5 &amp; win-clang-tests, win64-clang-tests, Linux64-tests for the build #126.0.6423.0 of the official desktop builder and win, win64, Linux64 trunk &amp; Win64, Linux64 M-125 of the Continuous builder.

browser_tests failed because of:
CompanionPageDisabledBrowserTest.ObservesExpsRegistrationSuccessURL

Link to builder:
https://ci.chromium.org/ui/p/chrome/builders/ci/win64-dcheck-tests/1198/overview
https://ci.chromium.org/ui/p/chrome/builders/ci/win64-clang-tests/3431/overview
https://ci.chromium.org/ui/p/chrome/builders/ci/win-dcheck-tests/1225/overview
https://ci.chromium.org/ui/p/chrome/builders/ci/win-clang-tests/3423/overview
https://ci.chromium.org/ui/p/chrome/builders/ci/win-arm64-dcheck-tests/51/overview
https://ci.chromium.org/ui/p/chrome/builders/ci/win-arm64-clang-tests/331/overview


Link to Error log:
https://logs.chromium.org/logs/chrome/buildbucket/cr-buildbucket/8750501874733782065/+/u/browser_tests_on_Windows-10-19045/stdout
https://logs.chromium.org/logs/chrome/buildbucket/cr-buildbucket/8750433070573333569/+/u/browser_tests_on_Windows-10-19045/stdout
https://logs.chromium.org/logs/chrome/buildbucket/cr-buildbucket/8750506441392189841/+/u/browser_tests_on_Windows-10-19045/stdout
https://logs.chromium.org/logs/chrome/buildbucket/cr-buildbucket/8750428569842658433/+/u/browser_tests_on_Windows-10-19045/stdout
https://logs.chromium.org/logs/chrome/buildbucket/cr-buildbucket/8750505485886352129/+/u/browser_tests_on_Windows-11/stdout
https://logs.chromium.org/logs/chrome/buildbucket/cr-buildbucket/8750441187739378081/+/u/browser_tests_on_Windows-11/stdout
https://logs.chromium.org/logs/chrome/buildbucket/cr-buildbucket/8750432112704128449/+/u/browser_tests_on_Ubuntu-22.04/stdout


Continuous builders:
https://ci.chromium.org/ui/p/chrome/builders/luci.chrome.ci/linux64
https://ci.chromium.org/ui/p/chrome/builders/luci.chrome.ci/win
https://ci.chromium.org/ui/p/chrome/builders/luci.chrome.ci/win64
https://ci.chromium.org/ui/p/chrome-m125/builders/luci.chrome-m125.ci/linux64
https://ci.chromium.org/ui/p/chrome-m125/builders/luci.chrome-m125.ci/win64


Requesting someone from the dev team to take a look .
Thanks‚Ä¶.!
</content>
    </entry>
    <entry>
        <id>335383516</id>
        <title>WebGPU: Add synchronous GPUAdapter.info</title>
        <author>
            <name>fb...@google.com</name>
        </author>
        <link href="https://issues.chromium.org/issues/335383516"/>
        <updated>1970-01-01T00:28:33.344Z</updated>
        <summary>-</summary>
        <content type="html">Spec PR: https://github.com/gpuweb/gpuweb/pull/4550
Spec Issue: https://github.com/gpuweb/gpuweb/issues/4536</content>
    </entry>
    <entry>
        <id>335383638</id>
        <title>LinkPreview: initiator side usage metric</title>
        <author>
            <name>to...@google.com</name>
        </author>
        <link href="https://issues.chromium.org/issues/335383638"/>
        <updated>1970-01-01T00:28:33.344Z</updated>
        <summary>-</summary>
        <content type="html">Add initiator side usage metrics that is per page visit.</content>
    </entry>
    <entry>
        <id>335383667</id>
        <title>~1.5% regression in Speedometer 3 CodeMirror-Editor</title>
        <author>
            <name>ol...@google.com</name>
        </author>
        <link href="https://issues.chromium.org/issues/335383667"/>
        <updated>1970-01-01T00:28:33.344Z</updated>
        <summary>-</summary>
        <content type="html">Hi Etienne,

re. https://chromium.googlesource.com/chromium/src/+/32ce6db7d6923ef0ce38acfccbdd4f9c88fe700c

This patch has been identified as causing a statistically significant regression to the competitive benchmark Speedometer 3.

The pinpoint runhttps://pinpoint-dot-chromeperf.appspot.com/job/128c5c43be0000 gives high confidence this patch is responsible for the regression.</content>
    </entry>
    <entry>
        <id>335383207</id>
        <title>Several % Regression in Speedometer 3 NewsSite-Nuxt</title>
        <author>
            <name>ol...@google.com</name>
        </author>
        <link href="https://issues.chromium.org/issues/335383207"/>
        <updated>1970-01-01T00:28:33.344Z</updated>
        <summary>-</summary>
        <content type="html">re. https://chromium.googlesource.com/chromium/src/+/9c9276619d5c75eb7c3f74fc89d052888f8c7b81

This patch has been identified as causing a statistically significant regression to the competitive benchmark Speedometer 3.

The pinpoint run https://pinpoint-dot-chromeperf.appspot.com/job/140758d1be0000 gives high confidence this patch is responsible for the regression. Please treat this as you would a unit test failure and resolve the issue promptly. More information on the policy can be found at https://chromium.googlesource.com/chromium/src/+/HEAD/docs/benchmark_performance_regressions.md</content>
    </entry>
    <entry>
        <id>335384185</id>
        <title>[üìç] Question: Is there any way (or any point) in "warming up" Pinpoint builds?</title>
        <author>
            <name>kd...@chromium.org</name>
        </author>
        <link href="https://issues.chromium.org/issues/335384185"/>
        <updated>1970-01-01T00:28:33.344Z</updated>
        <summary>-</summary>
        <content type="html"># Premise

* Our team runs quite a lot of Pinpoint jobs, esp. on Chromium's competitive benchmarks.

* I've got a [preset that fires three jobs at once](https://user.git.corp.google.com/kdlee/2024-01-30-pinpoint-batching/+/02ab520d3723e1e0267acc5fac9c669656557d81/pinpoint-presets.yaml) (Google-internal).

* There's always a long process in running this many benchmarks for this many repetitions.

# Question

* Is there any way to cut down on the build time spent on such jobs?

* For example, if I copied the GN args exactly of the builder, and then built the `performance_test_suite` target locally on my workstation, is it possible to "warm up" reclient s.t. the subsequent Pinpoint job gets 100% cache hits and builds instantaneously?

I'm asking this under the assumption that build time also counts against queuing time on Pinpoint - but please LMK if that's not the case.</content>
    </entry>
    <entry>
        <id>335353381</id>
        <title>Compilation failure when passing @JniType("std::vector") Object[] as an argument from Java to Native</title>
        <author>
            <name>ru...@chromium.org</name>
        </author>
        <link href="https://issues.chromium.org/issues/335353381"/>
        <updated>1970-01-01T00:28:33.344Z</updated>
        <summary>-</summary>
        <content type="html">I am trying to implement the following:

```java
// MyBridge.java
interface Natives {
  void myMethod(@JniType("std::vector") Object[] objectList);
}
```

```cpp
// my_bridge.cpp
static void JNI_MyBridge_MyMethod(
    JNIEnv* env,
    std::vector&lt;jni_zero::ScopedJavaLocalRef&lt;jobject&gt;&gt;&amp; objectList);
```

However I get the following error:
```
../../third_party/jni_zero/jni_zero.h:765:14: error: no viable conversion from returned value of type 'const JavaRef&lt;_jobject *&gt;' to function return type 'ElementType' (aka 'jni_zero::ScopedJavaLocalRef&lt;_jobject *&gt;')
  765 |       return j_element;
```

This occurs because `ScopedJavaLocalRef(const JavaRef&lt;T&gt;&amp; other)` is explicit and the failing line of code is trying to do an implicit conversion. Removing the explicit keyword or changing the methods argument type to `ScopedJavaLocalRef` removes the error.</content>
    </entry>
    <entry>
        <id>335373504</id>
        <title>Add feature: unhide tab group</title>
        <author>
            <name>ci...@gmail.com</name>
        </author>
        <link href="https://issues.chromium.org/issues/335373504"/>
        <updated>1970-01-01T00:28:33.344Z</updated>
        <summary>-</summary>
        <content type="html">Chrome Version: (copy from chrome://version)
Lacros Version (if applicable): (copy from chrome://version)
OS: (e.g. Win10, MacOS 10.12, etc...)

Note: Chrome is not responsible for bugs or behavior of individual extensions.

What steps will reproduce the problem?
(1) create a group of tabs, save the group
(2) hide the group
(3) try to unhide the group from the right click group tab menu 

What is the expected result?
within the drop down menu, there should be an option to unhide hidden tab groups. 

What happens instead?
there is no option to unhide, and I cannot figure out how to refind the tab group I hid 

Does this issue affect a publicly-available extension?  If so, please include its ID here.
no

If this is a regression (i.e., worked before), please consider using the bisect tool (https://www.chromium.org/developers/bisect-builds-py) to help us identify the root cause and more rapidly triage the issue.</content>
    </entry>
    <entry>
        <id>335317433</id>
        <title>[Blink Paint]: 1 regressions in rasterize_and_record_micro.top_25</title>
        <author>
            <name>ch...@appspot.gserviceaccount.com</name>
        </author>
        <link href="https://issues.chromium.org/issues/335317433"/>
        <updated>1970-01-01T00:28:33.343Z</updated>
        <summary>-</summary>
        <content type="html">All graphs for this regression group at 1287208:1287294:

  Internal (Googlers-only) Reports:
    - Chromium: https://chrome-perf.corp.goog/_/alertgroup?group_id=cc39efd5-386c-4ed0-a3a3-60f2b43caf02

  (Legacy) Chromeperf Report: https://chromeperf.appspot.com/group_report?group_id=cc39efd5-386c-4ed0-a3a3-60f2b43caf02

Top 1 regressions (out of 1, with 0 improvements) in this group:
  - ChromiumPerf/lacros-x86-perf/rasterize_and_record_micro.top_25/record_time_caching_disabled/file___static_top_25_espn.html
        2.62%: 8.6755 -&gt; 8.903 

Top 1 affected measurements in lacros-x86-perf:
  - rasterize_and_record_micro.top_25/record_time_caching_disabled/file___static_top_25_espn.html
        2.62%: 8.6755 -&gt; 8.903 

Regressions grouped by rasterize_and_record_micro.top_25 includes data from the following benchmarks with listed owners:
  rasterize_and_record_micro.top_25: 
      None

Commits in this range:</content>
    </entry>
    <entry>
        <id>335383220</id>
        <title>Please make Chrome For Testing available on linux-aarch64</title>
        <author>
            <name>ma...@vaadin.com</name>
        </author>
        <link href="https://issues.chromium.org/issues/335383220"/>
        <updated>1970-01-01T00:28:33.343Z</updated>
        <summary>-</summary>
        <content type="html"># Steps to reproduce the problem
1. go to https://googlechromelabs.github.io/chrome-for-testing/
2. observe that there's no linux-arm64 port

# Problem Description
I know this is not the right tracker but I can't find bug tracker for Chrome. If you'll close this as invalid, at lest please let me know where to report this ticket.

# Summary
Please make Chrome For Testing available on linux-aarch64

# Additional Data
Category: Developer Tools \
Chrome Channel: Stable \
Regression: N/A</content>
    </entry>
    <entry>
        <id>335373503</id>
        <title>chromedriver fails to control chromium</title>
        <author>
            <name>ma...@vaadin.com</name>
        </author>
        <link href="https://issues.chromium.org/issues/335373503"/>
        <updated>1970-01-01T00:28:33.343Z</updated>
        <summary>-</summary>
        <content type="html"># Steps to reproduce the problem
1. Use Ubuntu 23.10 and install newest chromium via snap
2. Try to run simplest selenium example project

# Problem Description
Selenium fails with:
```
org.openqa.selenium.SessionNotCreatedException: Could not start a new session. Response code 500. Message: session not created: DevToolsActivePort file doesn't exist
```

# Summary
chromedriver fails to control chromium

# Additional Data
Category: Developer Tools \
Chrome Channel: Stable \
Regression: N/A</content>
    </entry>
    <entry>
        <id>335337923</id>
        <title>"Ignore allocated bitrate during initial exponential BWE." should be done behind an experiment</title>
        <author>
            <name>pe...@chromium.org</name>
        </author>
        <link href="https://issues.chromium.org/issues/335337923"/>
        <updated>1970-01-01T00:28:33.342Z</updated>
        <summary>-</summary>
        <content type="html">The  change "Ignore allocated bitrate during initial exponential BWE."  https://webrtc-review.googlesource.com/c/src/+/346760 
was intended to only have an effect behind an experiment.  Due to a bug in the cl, the change still change behavior even without an experiment. 

The offending cl was reverted in https://webrtc-review.googlesource.com/c/src/+/347622

I am requesting permission to merge the revert into M125.  (https://webrtc.googlesource.com/src.git/+log/refs/branch-heads/6422)

</content>
    </entry>
    <entry>
        <id>335317432</id>
        <title>[V8 JetStream2 Perf Sheriff]: 3 regressions in jetstream2</title>
        <author>
            <name>ch...@appspot.gserviceaccount.com</name>
        </author>
        <link href="https://issues.chromium.org/issues/335317432"/>
        <updated>1970-01-01T00:28:33.342Z</updated>
        <summary>-</summary>
        <content type="html">All graphs for this regression group at 1288177:1288279:

  Internal (Googlers-only) Reports:
    - Chromium: https://chrome-perf.corp.goog/_/alertgroup?group_id=9728e27c-9792-45c2-b537-cc30e8d04211

  (Legacy) Chromeperf Report: https://chromeperf.appspot.com/group_report?group_id=9728e27c-9792-45c2-b537-cc30e8d04211

Top 1 regressions (out of 2, with 1 improvements) in this group:
  - ChromiumPerf/mac-m1_mini_2020-perf/jetstream2/navier-stokes.Average/JetStream2
       11.49%: 1289.521 -&gt; 1141.339 unitless

Top 1 affected measurements in mac-m1_mini_2020-perf:
  - jetstream2/navier-stokes.Average/JetStream2
       11.49%: 1289.521 -&gt; 1141.339 unitless

Regressions grouped by jetstream2 includes data from the following benchmarks with listed owners:
  jetstream2: cbruni@chromium.org, vahl@chromium.org
      

Commits in this range:
  Chromium Git Hash: https://chromium.googlesource.com/chromium/src/+log/717acb7812aeb9063e795a004d68b1e4fde55cf7..d53109543b3a1b70022b45ccd803aff6a070b17a
  Chromium Commit Position: https://crrev.com/1288176..1288279
  V8 Commit Position: https://chromium.googlesource.com/v8/v8/+log/15b9756484d5bda98ba273ae13f8db58200db4db..27b55da372e6580537fd0bdd20c49e19a5351f1e
  WebRTC Git Hash: https://webrtc.googlesource.com/src/+log/fb61154da1f42a01d10cbb67f226df6e9e6c6bf7..de7e4ad1b1cb9b6d15cac281820399a613d6d971</content>
    </entry>
    <entry>
        <id>335330795</id>
        <title>[WPT] New failures introduced in external by import https://crrev.com/c/5460084</title>
        <author>
            <name>wp...@chops-service-accounts.iam.gserviceaccount.com</name>
        </author>
        <link href="https://issues.chromium.org/issues/335330795"/>
        <updated>1970-01-01T00:28:33.342Z</updated>
        <summary>-</summary>
        <content type="html">WPT import https://crrev.com/c/5460084 introduced new failures in external:

List of new failures:
[ Mac14 ] virtual/webnn-service-with-gpu/external/wpt/webnn/conformance_tests/gpu/reduction.https.any.worker.html [ Skip Timeout ]: https://crrev.com/c/5460084/4/third_party/blink/web_tests/TestExpectations#2658

See https://chromium-review.googlesource.com/c/chromium/src/+/5460084/1?checksPatchset=1&amp;tab=checks for details.

Expectations or baseline files [0] have been automatically added for the failing results to keep the bots green. Please investigate the new failures and triage as appropriate.

Upstream changes imported:
https://github.com/web-platform-tests/wpt/compare/31314c5ddf6ed8fec20bdf7e307eba0a227a5021...c49d2fe28c3fa8c560b07c0f05b9ba43207fa65f
Remove erroneous ref from event-pseudo-name.html (#45756): https://github.com/web-platform-tests/wpt/commit/c49d2fe28c3fa8c560b07c0f05b9ba43207fa65f
Introduce GetWebExposedScrollOffsets for scrollingAPIs: https://github.com/web-platform-tests/wpt/commit/228b07560a6f1796db634e36517b12199824e631
[FedCM] Code changes to enable the origin trial for bundle 6: https://github.com/web-platform-tests/wpt/commit/b8a81e1bcd5b1a5fe7ff7d59a3ae28fa34aea17f

[0]: https://chromium.googlesource.com/chromium/src/+/HEAD/docs/testing/web_test_expectations.md

This bug was filed automatically due to a new WPT test failure for which you are marked an OWNER. If you do not want to receive these reports, please add "wpt { notify: NO }"  to the relevant DIR_METADATA file.</content>
    </entry>
    <entry>
        <id>335324883</id>
        <title>[WPT] New failures introduced in external/wpt/html/semantics/forms/the-select-element by import https://crrev.com/c/5460084</title>
        <author>
            <name>wp...@chops-service-accounts.iam.gserviceaccount.com</name>
        </author>
        <link href="https://issues.chromium.org/issues/335324883"/>
        <updated>1970-01-01T00:28:33.342Z</updated>
        <summary>-</summary>
        <content type="html">WPT import https://crrev.com/c/5460084 introduced new failures in external/wpt/html/semantics/forms/the-select-element:

List of new failures:
[ Mac14 ] external/wpt/html/semantics/forms/the-select-element/stylable-select/select-keyboard-behavior.tentative.html [ Timeout ]: https://crrev.com/c/5460084/4/third_party/blink/web_tests/TestExpectations#2656
[ Mac13 ] external/wpt/html/semantics/forms/the-select-element/stylable-select/select-keyboard-behavior.tentative.html [ Timeout ]: https://crrev.com/c/5460084/4/third_party/blink/web_tests/TestExpectations#2657

See https://chromium-review.googlesource.com/c/chromium/src/+/5460084/1?checksPatchset=1&amp;tab=checks for details.

Expectations or baseline files [0] have been automatically added for the failing results to keep the bots green. Please investigate the new failures and triage as appropriate.

Upstream changes imported:
https://github.com/web-platform-tests/wpt/compare/31314c5ddf6ed8fec20bdf7e307eba0a227a5021...c49d2fe28c3fa8c560b07c0f05b9ba43207fa65f
Remove erroneous ref from event-pseudo-name.html (#45756): https://github.com/web-platform-tests/wpt/commit/c49d2fe28c3fa8c560b07c0f05b9ba43207fa65f
Introduce GetWebExposedScrollOffsets for scrollingAPIs: https://github.com/web-platform-tests/wpt/commit/228b07560a6f1796db634e36517b12199824e631
[FedCM] Code changes to enable the origin trial for bundle 6: https://github.com/web-platform-tests/wpt/commit/b8a81e1bcd5b1a5fe7ff7d59a3ae28fa34aea17f

[0]: https://chromium.googlesource.com/chromium/src/+/HEAD/docs/testing/web_test_expectations.md

This bug was filed automatically due to a new WPT test failure for which you are marked an OWNER. If you do not want to receive these reports, please add "wpt { notify: NO }"  to the relevant DIR_METADATA file.</content>
    </entry>
    <entry>
        <id>335330794</id>
        <title>[Blink DOM]: 1 regressions in blink_perf.dom</title>
        <author>
            <name>ch...@appspot.gserviceaccount.com</name>
        </author>
        <link href="https://issues.chromium.org/issues/335330794"/>
        <updated>1970-01-01T00:28:33.342Z</updated>
        <summary>-</summary>
        <content type="html">All graphs for this regression group at 1287149:1287218:

  Internal (Googlers-only) Reports:
    - Chromium: https://chrome-perf.corp.goog/_/alertgroup?group_id=d9be0ddd-f219-432a-99e9-1df44a7433cf

  (Legacy) Chromeperf Report: https://chromeperf.appspot.com/group_report?group_id=d9be0ddd-f219-432a-99e9-1df44a7433cf

Top 1 regressions (out of 1, with 0 improvements) in this group:
  - ChromiumPerf/lacros-x86-perf/blink_perf.dom/replace-text-with-dir-auto/replace-text-with-dir-auto.html
        7.76%: 102.1284 -&gt; 94.2029 

Top 1 affected measurements in lacros-x86-perf:
  - blink_perf.dom/replace-text-with-dir-auto/replace-text-with-dir-auto.html
        7.76%: 102.1284 -&gt; 94.2029 

Regressions grouped by blink_perf.dom includes data from the following benchmarks with listed owners:
  blink_perf.dom: 
      None

Commits in this range:</content>
    </entry>
    <entry>
        <id>335317431</id>
        <title>[Blink Layout]: 1 regressions in blink_perf.layout</title>
        <author>
            <name>ch...@appspot.gserviceaccount.com</name>
        </author>
        <link href="https://issues.chromium.org/issues/335317431"/>
        <updated>1970-01-01T00:28:33.342Z</updated>
        <summary>-</summary>
        <content type="html">All graphs for this regression group at 1287208:1287294:

  Internal (Googlers-only) Reports:
    - Chromium: https://chrome-perf.corp.goog/_/alertgroup?group_id=157a2296-3fad-45ed-aa00-cc0c9cd45729

  (Legacy) Chromeperf Report: https://chromeperf.appspot.com/group_report?group_id=157a2296-3fad-45ed-aa00-cc0c9cd45729

Top 1 regressions (out of 1, with 0 improvements) in this group:
  - ChromiumPerf/lacros-x86-perf/blink_perf.layout/nested-grid/nested-grid.html
        5.32%: 13.4810505 -&gt; 12.7645 

Top 1 affected measurements in lacros-x86-perf:
  - blink_perf.layout/nested-grid/nested-grid.html
        5.32%: 13.4810505 -&gt; 12.7645 

Regressions grouped by blink_perf.layout includes data from the following benchmarks with listed owners:
  blink_perf.layout: 
      None

Commits in this range:</content>
    </entry>
    <entry>
        <id>335331434</id>
        <title>Renderer Fallback Task Error on Visual Studio Code during Automation Testing on Microsoft Edge Version 123.0.2420.97 (Official build) (64-bit)</title>
        <author>
            <name>ri...@gmail.com</name>
        </author>
        <link href="https://issues.chromium.org/issues/335331434"/>
        <updated>1970-01-01T00:28:33.341Z</updated>
        <summary>-</summary>
        <content type="html">Description
The occurrence of the fallback_task_provider.cc(126) error indicates a failure in the renderer task provisioning system when running automation testing on Facebook using Microsoft Edge in Visual Studio Code.

Steps to Reproduce:
Environment Setup
Windows 11.
Browser: Microsoft Edge.
Visual Studio Code: Version 1.88.1.
Selenium WebDriver: 
Edge WebDriver: 

Project Configuration:
Open Visual Studio Code.
Prepare a Selenium project configured to use the Edge WebDriver.
Ensure the Selenium code is aimed to open and interact with http://facebook.com.

Running Script:
Execute the Selenium script through the terminal in Visual Studio Code.
Observe that the terminal displays the output DevTools listening on ws://127.0.0.1:64694/devtools/browser/eba9c4ec-9f85-43c3-80b6-0009436a0958.

Error Occurrence:

After the script runs, note that the terminal displays the error:
[15476:1084:0417/105836.739:ERROR:fallback_task_provider.cc(126)] Every renderer should have at least one task provided by a primary task provider. If a "Renderer" fallback task is shown, it is a bug. If you have repro steps, please file a new bug and tag it as a dependency of crbug.com/739782.

Error Documentation 


Expected Outcome:
The Selenium script should execute automation testing on Microsoft Edge without generating errors related to the renderer or task provider.

Observed Outcome::
An error in the renderer indicates a failure in task provisioning, which should not occur.

Additional Information:
The error occurs every time the script is run.
</content>
    </entry>
    <entry>
        <id>335341865</id>
        <title>[Blink Layout]: 1 regressions in blink_perf.layout</title>
        <author>
            <name>ch...@appspot.gserviceaccount.com</name>
        </author>
        <link href="https://issues.chromium.org/issues/335341865"/>
        <updated>1970-01-01T00:28:33.341Z</updated>
        <summary>-</summary>
        <content type="html">All graphs for this regression group at 1287149:1287218:

  Internal (Googlers-only) Reports:
    - Chromium: https://chrome-perf.corp.goog/_/alertgroup?group_id=9435c7bb-919e-4657-8b9a-de06a68dbb1e

  (Legacy) Chromeperf Report: https://chromeperf.appspot.com/group_report?group_id=9435c7bb-919e-4657-8b9a-de06a68dbb1e

Top 1 regressions (out of 1, with 0 improvements) in this group:
  - ChromiumPerf/lacros-x86-perf/blink_perf.layout/nested-percent-height-tables/nested-percent-height-tables.html
        6.42%: 1110.697 -&gt; 1039.3685 

Top 1 affected measurements in lacros-x86-perf:
  - blink_perf.layout/nested-percent-height-tables/nested-percent-height-tables.html
        6.42%: 1110.697 -&gt; 1039.3685 

Regressions grouped by blink_perf.layout includes data from the following benchmarks with listed owners:
  blink_perf.layout: 
      None

Commits in this range:</content>
    </entry>
    <entry>
        <id>335376748</id>
        <title>[Waffle][iOS] Polish margins and vertical alignment</title>
        <author>
            <name>jl...@google.com</name>
        </author>
        <link href="https://issues.chromium.org/issues/335376748"/>
        <updated>1970-01-01T00:28:33.341Z</updated>
        <summary>-</summary>
        <content type="html">This is a cherry-pick for issue 329415142.
crrev.com/c/5458412
</content>
    </entry>
    <entry>
        <id>335341864</id>
        <title>[V8 Perf Sheriff]: 1 regressions in v8.browsing_desktop</title>
        <author>
            <name>ch...@appspot.gserviceaccount.com</name>
        </author>
        <link href="https://issues.chromium.org/issues/335341864"/>
        <updated>1970-01-01T00:28:33.340Z</updated>
        <summary>-</summary>
        <content type="html">All graphs for this regression group at 1287970:1287995:

  Internal (Googlers-only) Reports:
    - Chromium: https://chrome-perf.corp.goog/_/alertgroup?group_id=b9b97c16-5a7b-40c6-adcd-4d54024d7361

  Public Reports:
    - Chromium: https://perf.luci.app/_/alertgroup?group_id=b9b97c16-5a7b-40c6-adcd-4d54024d7361
  (Legacy) Chromeperf Report: https://chromeperf.appspot.com/group_report?group_id=b9b97c16-5a7b-40c6-adcd-4d54024d7361

Top 1 regressions (out of 1, with 0 improvements) in this group:
  - ChromiumPerf/linux-perf/v8.browsing_desktop/total:500ms_window:renderer_eqt:v8:gc/browse_social/browse_social_tumblr_infinite_scroll_2018
       32.26%: 0.092999995 -&gt; 0.123 

Top 1 affected measurements in linux-perf:
  - v8.browsing_desktop/total:500ms_window:renderer_eqt:v8:gc/browse_social/browse_social_tumblr_infinite_scroll_2018
       32.26%: 0.092999995 -&gt; 0.123 

Regressions grouped by v8.browsing_desktop includes data from the following benchmarks with listed owners:
  v8.browsing_desktop: 
      None

Commits in this range:</content>
    </entry>
    <entry>
        <id>335353377</id>
        <title>Change FrameSinkVideoCapturerImpl::DidCopyFrame to receive frame and metadata separately</title>
        <author>
            <name>il...@chromium.org</name>
        </author>
        <link href="https://issues.chromium.org/issues/335353377"/>
        <updated>1970-01-01T00:28:33.340Z</updated>
        <summary>-</summary>
        <content type="html">Currently  FrameSinkVideoCapturerImpl::DidCopyFrame may receive an empty frame, which will be forwarded to  FrameSinkVideoCapturerImpl::MaybeDeliverFrame, where TRACE_EVENT_END for the capture event of the frame will be logged [here](https://source.chromium.org/chromium/chromium/src/+/main:components/viz/service/frame_sinks/video_capture/frame_sink_video_capturer_impl.cc;l=1473;drc=a0455fc90ed301766d96c0a38f2006ebf5416f3c).

Thus, if the frame copy fails, there will be no way to log a TRACE_EVENT_END for that frame. To fix that, some frame identifier, like a reference_time or whole metadata, should be always passed to DidCopyFrame(), forwarded to MaybeDeliverFrame(), and used in TRACE_EVENT_END, even if there's no frame.</content>
    </entry>
    <entry>
        <id>335341863</id>
        <title>[V8 Memory Perf Sheriff]: 1 regressions in v8.browsing_mobile</title>
        <author>
            <name>ch...@appspot.gserviceaccount.com</name>
        </author>
        <link href="https://issues.chromium.org/issues/335341863"/>
        <updated>1970-01-01T00:28:33.340Z</updated>
        <summary>-</summary>
        <content type="html">All graphs for this regression group at 1287771:1287801:

  Internal (Googlers-only) Reports:
    - Chromium: https://chrome-perf.corp.goog/_/alertgroup?group_id=93ee8481-345e-40fa-9e82-ebb189b007b9

  (Legacy) Chromeperf Report: https://chromeperf.appspot.com/group_report?group_id=93ee8481-345e-40fa-9e82-ebb189b007b9

Top 1 regressions (out of 1, with 0 improvements) in this group:
  - ChromiumPerf/android-pixel2_webview-perf/v8.browsing_mobile/v8:gc:cycle:main_thread:cpp_max/browse_news/browse_news_reddit_2019
       20.50%: 54.664 -&gt; 65.872 

Top 1 affected measurements in android-pixel2_webview-perf:
  - v8.browsing_mobile/v8:gc:cycle:main_thread:cpp_max/browse_news/browse_news_reddit_2019
       20.50%: 54.664 -&gt; 65.872 

Regressions grouped by v8.browsing_mobile includes data from the following benchmarks with listed owners:
  v8.browsing_mobile: 
      None

Commits in this range:</content>
    </entry>
    <entry>
        <id>335317430</id>
        <title>[Blink Parser]: 1 regressions in blink_perf.parser</title>
        <author>
            <name>ch...@appspot.gserviceaccount.com</name>
        </author>
        <link href="https://issues.chromium.org/issues/335317430"/>
        <updated>1970-01-01T00:28:33.340Z</updated>
        <summary>-</summary>
        <content type="html">All graphs for this regression group at 1288349:1288383:

  Internal (Googlers-only) Reports:
    - Chromium: https://chrome-perf.corp.goog/_/alertgroup?group_id=53fc2592-3609-46d5-a8c7-a40131481237

  (Legacy) Chromeperf Report: https://chromeperf.appspot.com/group_report?group_id=53fc2592-3609-46d5-a8c7-a40131481237

Top 1 regressions (out of 1, with 0 improvements) in this group:
  - ChromiumPerf/mac-laptop_high_end-perf/blink_perf.parser/url-parser/url-parser.html
        1.85%: 54.8582 -&gt; 53.8434 

Top 1 affected measurements in mac-laptop_high_end-perf:
  - blink_perf.parser/url-parser/url-parser.html
        1.85%: 54.8582 -&gt; 53.8434 

Regressions grouped by blink_perf.parser includes data from the following benchmarks with listed owners:
  blink_perf.parser: 
      None

Commits in this range:</content>
    </entry>
</feed>